<?xml version="1.0" encoding="UTF-8"?>
<!-- Generated by org.testng.reporters.JUnitXMLReporter -->
<testsuite ignored="0" hostname="DESKTOP-8OH464O" failures="0" tests="3" name="FlipkartTest" time="27.766" errors="0" timestamp="2025-06-19T20:30:12 IST">
  <testcase classname="com.flipkart.testcases.TC01HomePage" name="searchProduct" time="4.13"/>
  <testcase classname="com.flipkart.testcases.TC01HomePage" name="searchProduct" time="4.416"/>
  <testcase classname="com.flipkart.testcases.TC01HomePage" name="searchProduct" time="4.133"/>
</testsuite> <!-- FlipkartTest -->
