<?xml version="1.0" encoding="UTF-8"?>
<!-- Generated by org.testng.reporters.JUnitXMLReporter -->
<testsuite ignored="0" hostname="DESKTOP-8OH464O" failures="3" tests="3" name="FlipkartTest" time="16.716" errors="0" timestamp="2025-06-21T09:29:45 IST">
  <testcase classname="com.flipkart.testcases.TC01HomePage" name="searchProduct" time="0.946">
    <failure type="java.lang.AssertionError" message="expected [Iphone- Buy Products Online at Best Price in India - All Categories | Flipkart.com] but found [Online Shopping India Mobile, Cameras, Lifestyle &amp;amp; more Online @ Flipkart.com]">
      <![CDATA[java.lang.AssertionError: expected [Iphone- Buy Products Online at Best Price in India - All Categories | Flipkart.com] but found [Online Shopping India Mobile, Cameras, Lifestyle & more Online @ Flipkart.com]
at com.flipkart.pages.FlipkartHomePage.validateSearchTitle(FlipkartHomePage.java:33)
at com.flipkart.testcases.TC01HomePage.searchProduct(TC01HomePage.java:34)
at java.base/java.util.ArrayList.forEach(ArrayList.java:1511)
... Removed 33 stack frames]]>
    </failure>
  </testcase> <!-- searchProduct -->
  <testcase classname="com.flipkart.testcases.TC01HomePage" name="searchProduct" time="1.06">
    <failure type="java.lang.AssertionError" message="expected [Redmi- Buy Products Online at Best Price in India - All Categories | Flipkart.com] but found [Online Shopping India Mobile, Cameras, Lifestyle &amp;amp; more Online @ Flipkart.com]">
      <![CDATA[java.lang.AssertionError: expected [Redmi- Buy Products Online at Best Price in India - All Categories | Flipkart.com] but found [Online Shopping India Mobile, Cameras, Lifestyle & more Online @ Flipkart.com]
at com.flipkart.pages.FlipkartHomePage.validateSearchTitle(FlipkartHomePage.java:33)
at com.flipkart.testcases.TC01HomePage.searchProduct(TC01HomePage.java:34)
at java.base/java.util.ArrayList.forEach(ArrayList.java:1511)
... Removed 33 stack frames]]>
    </failure>
  </testcase> <!-- searchProduct -->
  <testcase classname="com.flipkart.testcases.TC01HomePage" name="searchProduct" time="0.752">
    <failure type="java.lang.AssertionError" message="expected [Blackberry- Buy Products Online at Best Price in India - All Categories | Flipkart.com] but found [Online Shopping India Mobile, Cameras, Lifestyle &amp;amp; more Online @ Flipkart.com]">
      <![CDATA[java.lang.AssertionError: expected [Blackberry- Buy Products Online at Best Price in India - All Categories | Flipkart.com] but found [Online Shopping India Mobile, Cameras, Lifestyle & more Online @ Flipkart.com]
at com.flipkart.pages.FlipkartHomePage.validateSearchTitle(FlipkartHomePage.java:33)
at com.flipkart.testcases.TC01HomePage.searchProduct(TC01HomePage.java:34)
at java.base/java.util.ArrayList.forEach(ArrayList.java:1511)
... Removed 33 stack frames]]>
    </failure>
  </testcase> <!-- searchProduct -->
</testsuite> <!-- FlipkartTest -->
