<?xml version="1.0" encoding="UTF-8"?>
<testng-results ignored="0" total="3" passed="3" failed="0" skipped="0">
  <reporter-output>
  </reporter-output>
  <suite started-at="2025-06-19T20:29:43 IST" name="Suite" finished-at="2025-06-19T20:30:11 IST" duration-ms="27766">
    <groups>
    </groups>
    <test started-at="2025-06-19T20:29:43 IST" name="FlipkartTest" finished-at="2025-06-19T20:30:11 IST" duration-ms="27766">
      <class name="com.flipkart.testcases.TC01HomePage">
        <test-method is-config="true" signature="startBrowser()[pri:0, instance:com.flipkart.testcases.TC01HomePage@3eb738bb]" started-at="2025-06-19T20:29:45 IST" name="startBrowser" finished-at="2025-06-19T20:29:51 IST" duration-ms="6763" status="PASS">
          <reporter-output>
          </reporter-output>
        </test-method> <!-- startBrowser -->
        <test-method signature="searchProduct(java.lang.String)[pri:0, instance:com.flipkart.testcases.TC01HomePage@3eb738bb]" started-at="2025-06-19T20:29:51 IST" name="searchProduct" data-provider="Products" finished-at="2025-06-19T20:29:55 IST" duration-ms="4130" status="PASS">
          <params>
            <param index="0">
              <value>
                <![CDATA[Iphone]]>
              </value>
            </param>
          </params>
          <reporter-output>
          </reporter-output>
        </test-method> <!-- searchProduct -->
        <test-method is-config="true" signature="quiteBrowser()[pri:0, instance:com.flipkart.testcases.TC01HomePage@3eb738bb]" started-at="2025-06-19T20:29:55 IST" name="quiteBrowser" finished-at="2025-06-19T20:29:56 IST" duration-ms="395" status="PASS">
          <reporter-output>
          </reporter-output>
        </test-method> <!-- quiteBrowser -->
        <test-method is-config="true" signature="startBrowser()[pri:0, instance:com.flipkart.testcases.TC01HomePage@3eb738bb]" started-at="2025-06-19T20:29:56 IST" name="startBrowser" finished-at="2025-06-19T20:29:59 IST" duration-ms="3147" status="PASS">
          <reporter-output>
          </reporter-output>
        </test-method> <!-- startBrowser -->
        <test-method signature="searchProduct(java.lang.String)[pri:0, instance:com.flipkart.testcases.TC01HomePage@3eb738bb]" started-at="2025-06-19T20:29:59 IST" name="searchProduct" data-provider="Products" finished-at="2025-06-19T20:30:03 IST" duration-ms="4416" status="PASS">
          <params>
            <param index="0">
              <value>
                <![CDATA[Redmi]]>
              </value>
            </param>
          </params>
          <reporter-output>
          </reporter-output>
        </test-method> <!-- searchProduct -->
        <test-method is-config="true" signature="quiteBrowser()[pri:0, instance:com.flipkart.testcases.TC01HomePage@3eb738bb]" started-at="2025-06-19T20:30:03 IST" name="quiteBrowser" finished-at="2025-06-19T20:30:04 IST" duration-ms="354" status="PASS">
          <reporter-output>
          </reporter-output>
        </test-method> <!-- quiteBrowser -->
        <test-method is-config="true" signature="startBrowser()[pri:0, instance:com.flipkart.testcases.TC01HomePage@3eb738bb]" started-at="2025-06-19T20:30:04 IST" name="startBrowser" finished-at="2025-06-19T20:30:07 IST" duration-ms="2949" status="PASS">
          <reporter-output>
          </reporter-output>
        </test-method> <!-- startBrowser -->
        <test-method signature="searchProduct(java.lang.String)[pri:0, instance:com.flipkart.testcases.TC01HomePage@3eb738bb]" started-at="2025-06-19T20:30:07 IST" name="searchProduct" data-provider="Products" finished-at="2025-06-19T20:30:11 IST" duration-ms="4133" status="PASS">
          <params>
            <param index="0">
              <value>
                <![CDATA[Blackberry]]>
              </value>
            </param>
          </params>
          <reporter-output>
          </reporter-output>
        </test-method> <!-- searchProduct -->
        <test-method is-config="true" signature="quiteBrowser()[pri:0, instance:com.flipkart.testcases.TC01HomePage@3eb738bb]" started-at="2025-06-19T20:30:11 IST" name="quiteBrowser" finished-at="2025-06-19T20:30:11 IST" duration-ms="364" status="PASS">
          <reporter-output>
          </reporter-output>
        </test-method> <!-- quiteBrowser -->
      </class> <!-- com.flipkart.testcases.TC01HomePage -->
    </test> <!-- FlipkartTest -->
  </suite> <!-- Suite -->
</testng-results>
